<?xml version="1.0" encoding="UTF-8"?>
<!-- Generated by org.testng.reporters.JUnitXMLReporter -->
<testsuite hostname="DESKTOP-9POLIKO" ignored="0" name="Test" tests="4" failures="0" timestamp="2020-05-19T13:32:29 IST" time="0.055" errors="0">
  <testcase name="BrowserAutomation" time="0.008" classname="qaclickacademy.Mavenjava.seleniumTest"/>
  <testcase name="elementsUi" time="0.001" classname="qaclickacademy.Mavenjava.seleniumTest"/>
  <testcase name="deleteTwitter" time="0.0" classname="qaclickacademy.Mavenjava.RESTAPITest"/>
  <testcase name="postJira" time="0.001" classname="qaclickacademy.Mavenjava.RESTAPITest"/>
</testsuite> <!-- Test -->
