<?xml version="1.0" encoding="UTF-8"?>
<!-- Generated by org.testng.reporters.JUnitXMLReporter -->
<testsuite hostname="DESKTOP-9POLIKO" ignored="0" name="Command line test" tests="6" failures="0" timestamp="2020-05-19T13:33:48 IST" time="0.048" errors="0">
  <testcase name="IOSApps" time="0.005" classname="qaclickacademy.Mavenjava.appiumTest"/>
  <testcase name="NativeAppAndroid" time="0.0" classname="qaclickacademy.Mavenjava.appiumTest"/>
  <testcase name="deleteTwitter" time="0.0" classname="qaclickacademy.Mavenjava.RESTAPITest"/>
  <testcase name="postJira" time="0.001" classname="qaclickacademy.Mavenjava.RESTAPITest"/>
  <testcase name="BrowserAutomation" time="0.001" classname="qaclickacademy.Mavenjava.seleniumTest"/>
  <testcase name="elementsUi" time="0.0" classname="qaclickacademy.Mavenjava.seleniumTest"/>
</testsuite> <!-- Command line test -->
