<?xml version="1.0" encoding="UTF-8"?>
<testng-results skipped="0" failed="0" ignored="0" total="6" passed="6">
  <reporter-output>
  </reporter-output>
  <suite name="Command line suite" duration-ms="48" started-at="2020-05-19T13:33:48 IST" finished-at="2020-05-19T13:33:48 IST">
    <groups>
    </groups>
    <test name="Command line test" duration-ms="48" started-at="2020-05-19T13:33:48 IST" finished-at="2020-05-19T13:33:48 IST">
      <class name="qaclickacademy.Mavenjava.seleniumTest">
        <test-method status="PASS" signature="BrowserAutomation()[pri:0, instance:qaclickacademy.Mavenjava.seleniumTest@57536d79]" name="BrowserAutomation" duration-ms="1" started-at="2020-05-19T13:33:48 IST" finished-at="2020-05-19T13:33:48 IST">
          <reporter-output>
          </reporter-output>
        </test-method> <!-- BrowserAutomation -->
        <test-method status="PASS" signature="elementsUi()[pri:0, instance:qaclickacademy.Mavenjava.seleniumTest@57536d79]" name="elementsUi" duration-ms="0" started-at="2020-05-19T13:33:48 IST" finished-at="2020-05-19T13:33:48 IST">
          <reporter-output>
          </reporter-output>
        </test-method> <!-- elementsUi -->
      </class> <!-- qaclickacademy.Mavenjava.seleniumTest -->
      <class name="qaclickacademy.Mavenjava.RESTAPITest">
        <test-method status="PASS" signature="postJira()[pri:0, instance:qaclickacademy.Mavenjava.RESTAPITest@6ddf90b0]" name="postJira" duration-ms="1" started-at="2020-05-19T13:33:48 IST" finished-at="2020-05-19T13:33:48 IST">
          <reporter-output>
          </reporter-output>
        </test-method> <!-- postJira -->
        <test-method status="PASS" signature="deleteTwitter()[pri:0, instance:qaclickacademy.Mavenjava.RESTAPITest@6ddf90b0]" name="deleteTwitter" duration-ms="0" started-at="2020-05-19T13:33:48 IST" finished-at="2020-05-19T13:33:48 IST">
          <reporter-output>
          </reporter-output>
        </test-method> <!-- deleteTwitter -->
      </class> <!-- qaclickacademy.Mavenjava.RESTAPITest -->
      <class name="qaclickacademy.Mavenjava.appiumTest">
        <test-method status="PASS" signature="IOSApps()[pri:0, instance:qaclickacademy.Mavenjava.appiumTest@2b2948e2]" name="IOSApps" duration-ms="5" started-at="2020-05-19T13:33:48 IST" finished-at="2020-05-19T13:33:48 IST">
          <reporter-output>
          </reporter-output>
        </test-method> <!-- IOSApps -->
        <test-method status="PASS" signature="NativeAppAndroid()[pri:0, instance:qaclickacademy.Mavenjava.appiumTest@2b2948e2]" name="NativeAppAndroid" duration-ms="0" started-at="2020-05-19T13:33:48 IST" finished-at="2020-05-19T13:33:48 IST">
          <reporter-output>
          </reporter-output>
        </test-method> <!-- NativeAppAndroid -->
      </class> <!-- qaclickacademy.Mavenjava.appiumTest -->
    </test> <!-- Command line test -->
  </suite> <!-- Command line suite -->
</testng-results>
